<?xml version="1.0" encoding="UTF-8"?>
<testsuite name="tests.GroupCreationTest" tests="2" skipped="0" failures="0" errors="0" timestamp="2018-01-29T18:32:07" hostname="Gran9-PC" time="2.575">
  <properties/>
  <testcase name="GroupCreationEmptyTest" classname="tests.GroupCreationTest" time="1.095"/>
  <testcase name="groupCreationTest" classname="tests.GroupCreationTest" time="1.478"/>
  <system-out><![CDATA[]]></system-out>
  <system-err><![CDATA[]]></system-err>
</testsuite>
