<?xml version="1.0" encoding="UTF-8"?>
<testsuite name="tests.GroupModificationTest" tests="1" skipped="0" failures="0" errors="0" timestamp="2018-01-29T18:32:17" hostname="Gran9-PC" time="1.376">
  <properties/>
  <testcase name="TestModificationGroup" classname="tests.GroupModificationTest" time="1.376"/>
  <system-out><![CDATA[]]></system-out>
  <system-err><![CDATA[]]></system-err>
</testsuite>
