<?xml version="1.0" encoding="UTF-8"?>
<testsuite name="tests.GroupDeletionTests" tests="1" skipped="0" failures="0" errors="0" timestamp="2018-01-29T18:32:25" hostname="Gran9-PC" time="0.849">
  <properties/>
  <testcase name="groupDeletionTest" classname="tests.GroupDeletionTests" time="0.849"/>
  <system-out><![CDATA[]]></system-out>
  <system-err><![CDATA[]]></system-err>
</testsuite>
